<?xml version="1.0" encoding="UTF-8"?>
<!-- Generated by org.testng.reporters.JUnitXMLReporter -->
<testsuite ignored="2" hostname="IN-komehta-W1" failures="0" tests="1" name="Default test" time="35.776" errors="0" timestamp="2019-11-05T13:01:08 IST">
  <testcase classname="boonSupplyTests.ShopforItemsTest" name="ValidateCheckoutPageFeatures" time="17.854"/>
  <testcase classname="boonSupplyTests.ShopforItemsTest" name="AddA25DollarItemInCart" time="0.0">
    <ignored/>
  </testcase> <!-- AddA25DollarItemInCart -->
  <testcase classname="boonSupplyTests.ShopforItemsTest" name="AddMultipleItemsInCart" time="0.0">
    <ignored/>
  </testcase> <!-- AddMultipleItemsInCart -->
</testsuite> <!-- Default test -->
