<?xml version="1.0" encoding="UTF-8"?>
<!-- Generated by org.testng.reporters.JUnitXMLReporter -->
<testsuite ignored="8" hostname="IN-komehta-W1" failures="0" tests="1" name="Default test" time="29.4" errors="0" timestamp="2019-10-30T22:04:59 IST">
  <testcase classname="boonSupplyTests.BoonSupplyTests" name="SearchAFundraiser" time="13.262"/>
  <testcase classname="boonSupplyTests.BoonSupplyTests" name="StartNewFundRaiserWithNewUser" time="0.0">
    <ignored/>
  </testcase> <!-- StartNewFundRaiserWithNewUser -->
  <testcase classname="boonSupplyTests.BoonSupplyTests" name="AddMultipleItemsInCart" time="0.0">
    <ignored/>
  </testcase> <!-- AddMultipleItemsInCart -->
  <testcase classname="boonSupplyTests.BoonSupplyTests" name="CreateNewAccount" time="0.0">
    <ignored/>
  </testcase> <!-- CreateNewAccount -->
  <testcase classname="boonSupplyTests.BoonSupplyTests" name="CancelMyAccount" time="0.0">
    <ignored/>
  </testcase> <!-- CancelMyAccount -->
  <testcase classname="boonSupplyTests.BoonSupplyTests" name="UpdateAccountInformation" time="0.0">
    <ignored/>
  </testcase> <!-- UpdateAccountInformation -->
  <testcase classname="boonSupplyTests.BoonSupplyTests" name="AddA25DollarItemInCart" time="0.0">
    <ignored/>
  </testcase> <!-- AddA25DollarItemInCart -->
  <testcase classname="boonSupplyTests.BoonSupplyTests" name="LoginToBoonSupply" time="0.0">
    <ignored/>
  </testcase> <!-- LoginToBoonSupply -->
  <testcase classname="boonSupplyTests.BoonSupplyTests" name="CloseFundRaiser" time="0.0">
    <ignored/>
  </testcase> <!-- CloseFundRaiser -->
</testsuite> <!-- Default test -->
