<?xml version="1.0" encoding="UTF-8"?>
<!-- Generated by org.testng.reporters.JUnitXMLReporter -->
<testsuite ignored="6" hostname="IN-komehta-W1" failures="0" tests="3" name="Default test" time="76.667" errors="0" timestamp="2019-10-27T21:48:01 IST">
  <testcase classname="boonSupplyTests.BoonSupplyTests" name="LoginToBoonSupply" time="9.646"/>
  <testcase classname="boonSupplyTests.BoonSupplyTests" name="CreateNewAccount" time="15.586"/>
  <testcase classname="boonSupplyTests.BoonSupplyTests" name="UpdateAccountInformation" time="16.901"/>
  <testcase classname="boonSupplyTests.BoonSupplyTests" name="StartNewFundRaiserWithNewUser" time="0.0">
    <ignored/>
  </testcase> <!-- StartNewFundRaiserWithNewUser -->
  <testcase classname="boonSupplyTests.BoonSupplyTests" name="AddMultipleItemsInCart" time="0.0">
    <ignored/>
  </testcase> <!-- AddMultipleItemsInCart -->
  <testcase classname="boonSupplyTests.BoonSupplyTests" name="CancelMyAccount" time="0.0">
    <ignored/>
  </testcase> <!-- CancelMyAccount -->
  <testcase classname="boonSupplyTests.BoonSupplyTests" name="AddA25DollarItemInCart" time="0.0">
    <ignored/>
  </testcase> <!-- AddA25DollarItemInCart -->
  <testcase classname="boonSupplyTests.BoonSupplyTests" name="SearchAFundraiser" time="0.0">
    <ignored/>
  </testcase> <!-- SearchAFundraiser -->
  <testcase classname="boonSupplyTests.BoonSupplyTests" name="CloseFundRaiser" time="0.0">
    <ignored/>
  </testcase> <!-- CloseFundRaiser -->
</testsuite> <!-- Default test -->
