<?xml version="1.0" encoding="UTF-8"?>
<!-- Generated by org.testng.reporters.JUnitXMLReporter -->
<testsuite ignored="2" hostname="IN-komehta-W1" failures="0" tests="2" name="AccountTests" time="41.308" errors="0" timestamp="2019-11-06T20:46:32 IST">
  <testcase classname="boonSupplyTests.AccountTests" name="LoginToBoonSupply" time="8.417"/>
  <testcase classname="boonSupplyTests.AccountTests" name="LoginToBoonSupply" time="9.029"/>
  <testcase classname="boonSupplyTests.AccountTests" name="CreateNewAccount" time="0.0">
    <ignored/>
  </testcase> <!-- CreateNewAccount -->
  <testcase classname="boonSupplyTests.AccountTests" name="UpdateAccountInformation" time="0.0">
    <ignored/>
  </testcase> <!-- UpdateAccountInformation -->
</testsuite> <!-- AccountTests -->
