<?xml version="1.0" encoding="UTF-8"?>
<!-- Generated by org.testng.reporters.JUnitXMLReporter -->
<testsuite ignored="2" hostname="IN-komehta-W1" failures="0" tests="0" time="0.006" errors="0" timestamp="2019-11-06T20:13:56 IST">
  <testcase classname="boonSupplyTests.ClosingAndCancellingTests" name="CloseFundRaiser" time="0.0">
    <ignored/>
  </testcase> <!-- CloseFundRaiser -->
  <testcase classname="boonSupplyTests.ClosingAndCancellingTests" name="CancelMyAccount" time="0.0">
    <ignored/>
  </testcase> <!-- CancelMyAccount -->
</testsuite>
