<?xml version="1.0" encoding="UTF-8"?>
<!-- Generated by org.testng.reporters.JUnitXMLReporter -->
<testsuite ignored="0" hostname="IN-komehta-W1" failures="2" tests="19" name="BoonSupplyTest" time="852.402" errors="0" timestamp="2019-10-30T23:04:22 IST">
  <testcase classname="boonSupplyTests.BoonSupplyTests" name="SearchAFundraiser" time="13.841"/>
  <testcase classname="boonSupplyTests.BoonSupplyTests" name="AddA25DollarItemInCart" time="16.061"/>
  <testcase classname="boonSupplyTests.BoonSupplyTests" name="AddMultipleItemsInCart" time="14.833"/>
  <testcase classname="boonSupplyTests.BoonSupplyTests" name="LoginToBoonSupply" time="10.879"/>
  <testcase classname="boonSupplyTests.BoonSupplyTests" name="LoginToBoonSupply" time="8.463"/>
  <testcase classname="boonSupplyTests.BoonSupplyTests" name="CreateNewAccount" time="16.761"/>
  <testcase classname="boonSupplyTests.BoonSupplyTests" name="UpdateAccountInformation" time="20.237"/>
  <testcase classname="boonSupplyTests.BoonSupplyTests" name="StartNewFundRaiserWithNewUser" time="37.1"/>
  <testcase classname="boonSupplyTests.BoonSupplyTests" name="StartNewFundRaiserWithNewUser" time="49.086"/>
  <testcase classname="boonSupplyTests.BoonSupplyTests" name="StartNewFundRaiserWithNewUser" time="53.161"/>
  <testcase classname="boonSupplyTests.BoonSupplyTests" name="StartNewFundRaiserWithNewUser" time="38.626"/>
  <testcase classname="boonSupplyTests.BoonSupplyTests" name="CloseFundRaiser" time="51.845"/>
  <testcase classname="boonSupplyTests.BoonSupplyTests" name="CloseFundRaiser" time="25.923">
    <failure type="java.lang.AssertionError" message="User Does not Exist in the System.">
      <![CDATA[java.lang.AssertionError: User Does not Exist in the System.
at boonSupplyPage.LoggedInUserPage.existingUserSignIn(LoggedInUserPage.java:35)
at boonSupplyTests.BoonSupplyTests.CloseFundRaiser(BoonSupplyTests.java:248)
at java.base/java.util.ArrayList.forEach(ArrayList.java:1540)
... Removed 28 stack frames]]>
    </failure>
  </testcase> <!-- CloseFundRaiser -->
  <testcase classname="boonSupplyTests.BoonSupplyTests" name="CloseFundRaiser" time="36.413"/>
  <testcase classname="boonSupplyTests.BoonSupplyTests" name="CloseFundRaiser" time="58.712"/>
  <testcase classname="boonSupplyTests.BoonSupplyTests" name="CancelMyAccount" time="31.661"/>
  <testcase classname="boonSupplyTests.BoonSupplyTests" name="CancelMyAccount" time="21.251">
    <failure type="java.lang.AssertionError" message="User Does not Exist in the System.">
      <![CDATA[java.lang.AssertionError: User Does not Exist in the System.
at boonSupplyPage.LoggedInUserPage.existingUserSignIn(LoggedInUserPage.java:35)
at boonSupplyTests.BoonSupplyTests.CancelMyAccount(BoonSupplyTests.java:277)
at java.base/java.util.ArrayList.forEach(ArrayList.java:1540)
... Removed 28 stack frames]]>
    </failure>
  </testcase> <!-- CancelMyAccount -->
  <testcase classname="boonSupplyTests.BoonSupplyTests" name="CancelMyAccount" time="30.782"/>
  <testcase classname="boonSupplyTests.BoonSupplyTests" name="CancelMyAccount" time="38.991"/>
</testsuite> <!-- BoonSupplyTest -->
