<?xml version="1.0" encoding="UTF-8"?>
<!-- Generated by org.testng.reporters.JUnitXMLReporter -->
<testsuite ignored="0" hostname="IN-komehta-W1" failures="2" tests="18" name="BoonSupplyTest" time="669.749" errors="0" timestamp="2019-10-29T23:56:07 IST">
  <testcase classname="boonSupplyTests.BoonSupplyTests" name="SearchAFundraiser" time="13.188"/>
  <testcase classname="boonSupplyTests.BoonSupplyTests" name="AddA25DollarItemInCart" time="15.022"/>
  <testcase classname="boonSupplyTests.BoonSupplyTests" name="AddMultipleItemsInCart" time="15.069"/>
  <testcase classname="boonSupplyTests.BoonSupplyTests" name="LoginToBoonSupply" time="10.446"/>
  <testcase classname="boonSupplyTests.BoonSupplyTests" name="CreateNewAccount" time="15.913"/>
  <testcase classname="boonSupplyTests.BoonSupplyTests" name="UpdateAccountInformation" time="18.627"/>
  <testcase classname="boonSupplyTests.BoonSupplyTests" name="StartNewFundRaiserWithNewUser" time="29.762"/>
  <testcase classname="boonSupplyTests.BoonSupplyTests" name="StartNewFundRaiserWithNewUser" time="46.451"/>
  <testcase classname="boonSupplyTests.BoonSupplyTests" name="StartNewFundRaiserWithNewUser" time="29.541"/>
  <testcase classname="boonSupplyTests.BoonSupplyTests" name="StartNewFundRaiserWithNewUser" time="31.775"/>
  <testcase classname="boonSupplyTests.BoonSupplyTests" name="CloseFundRaiser" time="37.043"/>
  <testcase classname="boonSupplyTests.BoonSupplyTests" name="CloseFundRaiser" time="19.179">
    <failure type="java.lang.AssertionError" message="User Does not Exist in the System.">
      <![CDATA[java.lang.AssertionError: User Does not Exist in the System.
at boonSupplyPage.LoggedInUserPage.existingUserSignIn(LoggedInUserPage.java:35)
at boonSupplyTests.BoonSupplyTests.CloseFundRaiser(BoonSupplyTests.java:243)
at java.base/java.util.ArrayList.forEach(ArrayList.java:1540)
... Removed 28 stack frames]]>
    </failure>
  </testcase> <!-- CloseFundRaiser -->
  <testcase classname="boonSupplyTests.BoonSupplyTests" name="CloseFundRaiser" time="33.647"/>
  <testcase classname="boonSupplyTests.BoonSupplyTests" name="CloseFundRaiser" time="32.844"/>
  <testcase classname="boonSupplyTests.BoonSupplyTests" name="CancelMyAccount" time="29.793"/>
  <testcase classname="boonSupplyTests.BoonSupplyTests" name="CancelMyAccount" time="17.774">
    <failure type="java.lang.AssertionError" message="User Does not Exist in the System.">
      <![CDATA[java.lang.AssertionError: User Does not Exist in the System.
at boonSupplyPage.LoggedInUserPage.existingUserSignIn(LoggedInUserPage.java:35)
at boonSupplyTests.BoonSupplyTests.CancelMyAccount(BoonSupplyTests.java:270)
at java.base/java.util.ArrayList.forEach(ArrayList.java:1540)
... Removed 28 stack frames]]>
    </failure>
  </testcase> <!-- CancelMyAccount -->
  <testcase classname="boonSupplyTests.BoonSupplyTests" name="CancelMyAccount" time="30.23"/>
  <testcase classname="boonSupplyTests.BoonSupplyTests" name="CancelMyAccount" time="33.945"/>
</testsuite> <!-- BoonSupplyTest -->
