<?xml version="1.0" encoding="UTF-8"?>
<testng-results ignored="6" total="9" passed="3" failed="0" skipped="0">
  <reporter-output>
  </reporter-output>
  <suite started-at="2019-10-27T21:46:45 IST" name="Default suite" finished-at="2019-10-27T21:48:01 IST" duration-ms="76667">
    <groups>
    </groups>
    <test started-at="2019-10-27T21:46:45 IST" name="Default test" finished-at="2019-10-27T21:48:01 IST" duration-ms="76667">
      <class name="boonSupplyTests.BoonSupplyTests">
        <test-method is-config="true" signature="DriverInitialization()[pri:0, instance:boonSupplyTests.BoonSupplyTests@45018215]" started-at="2019-10-27T21:46:46 IST" name="DriverInitialization" finished-at="2019-10-27T21:46:56 IST" duration-ms="10306" status="PASS">
          <reporter-output>
          </reporter-output>
        </test-method> <!-- DriverInitialization -->
        <test-method signature="LoginToBoonSupply(java.lang.String, java.lang.String)[pri:4, instance:boonSupplyTests.BoonSupplyTests@45018215]" started-at="2019-10-27T21:46:56 IST" name="LoginToBoonSupply" data-provider="readDataForTestCase4" finished-at="2019-10-27T21:47:06 IST" duration-ms="9646" status="PASS">
          <params>
            <param index="0">
              <value>
                <![CDATA[kovidmehta10@gmail.com]]>
              </value>
            </param>
            <param index="1">
              <value>
                <![CDATA[Khardungla@18]]>
              </value>
            </param>
          </params>
          <reporter-output>
          </reporter-output>
        </test-method> <!-- LoginToBoonSupply -->
        <test-method is-config="true" signature="teardown()[pri:0, instance:boonSupplyTests.BoonSupplyTests@45018215]" started-at="2019-10-27T21:47:06 IST" name="teardown" finished-at="2019-10-27T21:47:08 IST" duration-ms="1671" status="PASS">
          <reporter-output>
          </reporter-output>
        </test-method> <!-- teardown -->
        <test-method is-config="true" signature="DriverInitialization()[pri:0, instance:boonSupplyTests.BoonSupplyTests@45018215]" started-at="2019-10-27T21:47:08 IST" name="DriverInitialization" finished-at="2019-10-27T21:47:16 IST" duration-ms="8533" status="PASS">
          <reporter-output>
          </reporter-output>
        </test-method> <!-- DriverInitialization -->
        <test-method signature="CreateNewAccount(java.lang.String, java.lang.String, java.lang.String, java.lang.String)[pri:5, instance:boonSupplyTests.BoonSupplyTests@45018215]" started-at="2019-10-27T21:47:16 IST" name="CreateNewAccount" data-provider="readDataForTestCase5" finished-at="2019-10-27T21:47:32 IST" duration-ms="15586" status="PASS">
          <params>
            <param index="0">
              <value>
                <![CDATA[Kovid]]>
              </value>
            </param>
            <param index="1">
              <value>
                <![CDATA[Mehta]]>
              </value>
            </param>
            <param index="2">
              <value>
                <![CDATA[kovidmehta10@gmail.com]]>
              </value>
            </param>
            <param index="3">
              <value>
                <![CDATA[Khardungla@18]]>
              </value>
            </param>
          </params>
          <reporter-output>
          </reporter-output>
        </test-method> <!-- CreateNewAccount -->
        <test-method is-config="true" signature="teardown()[pri:0, instance:boonSupplyTests.BoonSupplyTests@45018215]" started-at="2019-10-27T21:47:32 IST" name="teardown" finished-at="2019-10-27T21:47:34 IST" duration-ms="1656" status="PASS">
          <reporter-output>
          </reporter-output>
        </test-method> <!-- teardown -->
        <test-method is-config="true" signature="DriverInitialization()[pri:0, instance:boonSupplyTests.BoonSupplyTests@45018215]" started-at="2019-10-27T21:47:34 IST" name="DriverInitialization" finished-at="2019-10-27T21:47:43 IST" duration-ms="9161" status="PASS">
          <reporter-output>
          </reporter-output>
        </test-method> <!-- DriverInitialization -->
        <test-method signature="UpdateAccountInformation(java.lang.String, java.lang.String, java.lang.String, java.lang.String, java.lang.String, java.lang.String)[pri:6, instance:boonSupplyTests.BoonSupplyTests@45018215]" started-at="2019-10-27T21:47:43 IST" name="UpdateAccountInformation" data-provider="readDataForTestCase6" finished-at="2019-10-27T21:48:00 IST" duration-ms="16901" status="PASS">
          <params>
            <param index="0">
              <value>
                <![CDATA[kovidmehta10@gmail.com]]>
              </value>
            </param>
            <param index="1">
              <value>
                <![CDATA[Khardungla@18]]>
              </value>
            </param>
            <param index="2">
              <value>
                <![CDATA[Saratoga Avenue]]>
              </value>
            </param>
            <param index="3">
              <value>
                <![CDATA[San Jose]]>
              </value>
            </param>
            <param index="4">
              <value>
                <![CDATA[California]]>
              </value>
            </param>
            <param index="5">
              <value>
                <![CDATA[94107]]>
              </value>
            </param>
          </params>
          <reporter-output>
          </reporter-output>
        </test-method> <!-- UpdateAccountInformation -->
        <test-method is-config="true" signature="teardown()[pri:0, instance:boonSupplyTests.BoonSupplyTests@45018215]" started-at="2019-10-27T21:48:00 IST" name="teardown" finished-at="2019-10-27T21:48:01 IST" duration-ms="1595" status="PASS">
          <reporter-output>
          </reporter-output>
        </test-method> <!-- teardown -->
      </class> <!-- boonSupplyTests.BoonSupplyTests -->
    </test> <!-- Default test -->
  </suite> <!-- Default suite -->
</testng-results>
